#
# There is insufficient memory for the Java Runtime Environment to continue.
# Native memory allocation (mmap) failed to map 266338304 bytes for Failed to commit area from 0x0000000702800000 to 0x0000000712600000 of length 266338304.
# Possible reasons:
#   The system is out of physical RAM or swap space
#   The process is running with CompressedOops enabled, and the Java Heap may be blocking the growth of the native heap
# Possible solutions:
#   Reduce memory load on the system
#   Increase physical memory or swap space
#   Check if swap backing store is full
#   Decrease Java heap size (-Xmx/-Xms)
#   Decrease number of Java threads
#   Decrease Java thread stack sizes (-Xss)
#   Set larger code cache with -XX:ReservedCodeCacheSize=
# This output file may be truncated or incomplete.
#
#  Out of Memory Error (./src/hotspot/os/windows/os_windows.cpp:3386), pid=13868, tid=22892
#
# JRE version:  (11.0.16.1+9) (build )
# Java VM: OpenJDK 64-Bit Server VM (11.0.16.1+9-LTS, mixed mode, sharing, tiered, compressed oops, g1 gc, windows-amd64)
# No core dump will be written. Minidumps are not enabled by default on client versions of Windows
#

---------------  S U M M A R Y ------------

Command Line: -ea -Didea.test.cyclic.buffer.size=1048576 -javaagent:C:\Program Files\JetBrains\IntelliJ IDEA Community Edition 2021.3.2\lib\idea_rt.jar=57214:C:\Program Files\JetBrains\IntelliJ IDEA Community Edition 2021.3.2\bin -Dfile.encoding=UTF-8 com.intellij.rt.junit.JUnitStarter -ideVersion5 Utils.UtilsTest,testLoadPortfolioData

Host: Intel(R) Core(TM) i5-10300H CPU @ 2.50GHz, 8 cores, 15G,  Windows 11 , 64 bit Build 22000 (10.0.22000.708)
Time: Tue Nov  1 10:37:10 2022 Eastern Daylight Time elapsed time: 0.012458 seconds (0d 0h 0m 0s)

---------------  T H R E A D  ---------------

Current thread (0x00000201edabe000):  JavaThread "Unknown thread" [_thread_in_vm, id=22892, stack(0x000000bc80800000,0x000000bc80900000)]

Stack: [0x000000bc80800000,0x000000bc80900000]
Native frames: (J=compiled Java code, j=interpreted, Vv=VM code, C=native code)
V  [jvm.dll+0x61f23a]
V  [jvm.dll+0x7ac419]
V  [jvm.dll+0x7adb08]
V  [jvm.dll+0x7ae1e3]
V  [jvm.dll+0x24fa98]
V  [jvm.dll+0x61c54a]
V  [jvm.dll+0x610cf5]
V  [jvm.dll+0x3079bc]
V  [jvm.dll+0x307842]
V  [jvm.dll+0x30c556]
V  [jvm.dll+0x352bff]
V  [jvm.dll+0x352630]
V  [jvm.dll+0x2e49b8]
V  [jvm.dll+0x2e5b16]
V  [jvm.dll+0x786267]
V  [jvm.dll+0x7879ef]
V  [jvm.dll+0x35f939]
V  [jvm.dll+0x7691d0]
V  [jvm.dll+0x3cd45f]
V  [jvm.dll+0x3cf7f1]
C  [jli.dll+0x5207]
C  [ucrtbase.dll+0x26c0c]
C  [KERNEL32.DLL+0x154e0]
C  [ntdll.dll+0x485b]


---------------  P R O C E S S  ---------------

Threads class SMR info:
_java_thread_list=0x00000201ed8a3ed0, length=0, elements={
}

Java Threads: ( => current thread )

Other Threads:
  0x00000201edad6000 GCTaskThread "GC Thread#0" [stack: 0x000000bc80900000,0x000000bc80a00000] [id=16716]
  0x00000201edb34000 ConcurrentGCThread "G1 Main Marker" [stack: 0x000000bc80a00000,0x000000bc80b00000] [id=22824]
  0x00000201edb35000 ConcurrentGCThread "G1 Conc#0" [stack: 0x000000bc80b00000,0x000000bc80c00000] [id=20516]

[error occurred during error reporting (printing all threads), id 0xc0000005, EXCEPTION_ACCESS_VIOLATION (0xc0000005) at pc=0x00007ffa23f54187]

VM state:not at safepoint (not fully initialized)

VM Mutex/Monitor currently owned by a thread:  ([mutex/lock_event])
[0x00000201edab8b60] Heap_lock - owner thread: 0x00000201edabe000

Heap address: 0x0000000702800000, size: 4056 MB, Compressed Oops mode: Non-zero based: 0x0000000702800000
Narrow klass base: 0x0000000000000000, Narrow klass shift: 0

GC Heap History (0 events):
No events

Deoptimization events (0 events):
No events

Classes redefined (0 events):
No events

Internal exceptions (0 events):
No events

Events (1 events):
Event: 0.009 Loaded shared library C:\Users\ntnbh\.jdks\corretto-11.0.16.1\bin\zip.dll


Dynamic libraries:
0x00007ff73b820000 - 0x00007ff73b82d000 	C:\Users\ntnbh\.jdks\corretto-11.0.16.1\bin\java.exe
0x00007ffacefc0000 - 0x00007ffacf1c9000 	C:\WINDOWS\SYSTEM32\ntdll.dll
0x00007fface0d0000 - 0x00007fface18d000 	C:\WINDOWS\System32\KERNEL32.DLL
0x00007ffaccac0000 - 0x00007ffacce3b000 	C:\WINDOWS\System32\KERNELBASE.dll
0x00007ffacc790000 - 0x00007ffacc8a1000 	C:\WINDOWS\System32\ucrtbase.dll
0x00007ffaa9480000 - 0x00007ffaa9497000 	C:\Users\ntnbh\.jdks\corretto-11.0.16.1\bin\jli.dll
0x00007ffab1a50000 - 0x00007ffab1a69000 	C:\Users\ntnbh\.jdks\corretto-11.0.16.1\bin\VCRUNTIME140.dll
0x00007ffacedd0000 - 0x00007ffacef7d000 	C:\WINDOWS\System32\USER32.dll
0x00007ffacc760000 - 0x00007ffacc786000 	C:\WINDOWS\System32\win32u.dll
0x00007ffabfcd0000 - 0x00007ffabff75000 	C:\WINDOWS\WinSxS\amd64_microsoft.windows.common-controls_6595b64144ccf1df_6.0.22000.120_none_9d947278b86cc467\COMCTL32.dll
0x00007ffacdee0000 - 0x00007ffacdf83000 	C:\WINDOWS\System32\msvcrt.dll
0x00007ffacd770000 - 0x00007ffacd799000 	C:\WINDOWS\System32\GDI32.dll
0x00007ffacc8b0000 - 0x00007ffacc9c8000 	C:\WINDOWS\System32\gdi32full.dll
0x00007ffacc600000 - 0x00007ffacc69d000 	C:\WINDOWS\System32\msvcp_win.dll
0x00007ffacecd0000 - 0x00007ffaced01000 	C:\WINDOWS\System32\IMM32.DLL
0x00007ffaa6860000 - 0x00007ffaa68fb000 	C:\Users\ntnbh\.jdks\corretto-11.0.16.1\bin\msvcp140.dll
0x00007ffa23c60000 - 0x00007ffa247e4000 	C:\Users\ntnbh\.jdks\corretto-11.0.16.1\bin\server\jvm.dll
0x00007ffacd8a0000 - 0x00007ffacd94e000 	C:\WINDOWS\System32\ADVAPI32.dll
0x00007fface380000 - 0x00007fface41e000 	C:\WINDOWS\System32\sechost.dll
0x00007ffacce40000 - 0x00007ffaccf60000 	C:\WINDOWS\System32\RPCRT4.dll
0x00007ffaccf80000 - 0x00007ffaccf88000 	C:\WINDOWS\System32\PSAPI.DLL
0x00007ffac1670000 - 0x00007ffac1679000 	C:\WINDOWS\SYSTEM32\WSOCK32.dll
0x00007ffac7cd0000 - 0x00007ffac7d03000 	C:\WINDOWS\SYSTEM32\WINMM.dll
0x00007ffacddf0000 - 0x00007ffacde5f000 	C:\WINDOWS\System32\WS2_32.dll
0x00007ffac7230000 - 0x00007ffac723a000 	C:\WINDOWS\SYSTEM32\VERSION.dll
0x00007ffacb600000 - 0x00007ffacb618000 	C:\WINDOWS\SYSTEM32\kernel.appcore.dll
0x00007ffac6980000 - 0x00007ffac6990000 	C:\Users\ntnbh\.jdks\corretto-11.0.16.1\bin\verify.dll
0x00007ffac9f60000 - 0x00007ffaca181000 	C:\WINDOWS\SYSTEM32\DBGHELP.DLL
0x00007ffac4df0000 - 0x00007ffac4e21000 	C:\WINDOWS\SYSTEM32\dbgcore.DLL
0x00007ffacc9d0000 - 0x00007ffacca4f000 	C:\WINDOWS\System32\bcryptPrimitives.dll
0x00007ffaa71b0000 - 0x00007ffaa71d8000 	C:\Users\ntnbh\.jdks\corretto-11.0.16.1\bin\java.dll
0x00007ffac4d80000 - 0x00007ffac4d8a000 	C:\Users\ntnbh\.jdks\corretto-11.0.16.1\bin\jimage.dll
0x00007ffabd780000 - 0x00007ffabd78e000 	C:\Users\ntnbh\.jdks\corretto-11.0.16.1\bin\instrument.dll
0x00007ffaa9440000 - 0x00007ffaa9458000 	C:\Users\ntnbh\.jdks\corretto-11.0.16.1\bin\zip.dll

dbghelp: loaded successfully - version: 4.0.5 - missing functions: none
symbol engine: initialized successfully - sym options: 0x614 - pdb path: .;C:\Users\ntnbh\.jdks\corretto-11.0.16.1\bin;C:\WINDOWS\SYSTEM32;C:\WINDOWS\WinSxS\amd64_microsoft.windows.common-controls_6595b64144ccf1df_6.0.22000.120_none_9d947278b86cc467;C:\Users\ntnbh\.jdks\corretto-11.0.16.1\bin\server

VM Arguments:
jvm_args: -ea -Didea.test.cyclic.buffer.size=1048576 -javaagent:C:\Program Files\JetBrains\IntelliJ IDEA Community Edition 2021.3.2\lib\idea_rt.jar=57214:C:\Program Files\JetBrains\IntelliJ IDEA Community Edition 2021.3.2\bin -Dfile.encoding=UTF-8 
java_command: com.intellij.rt.junit.JUnitStarter -ideVersion5 Utils.UtilsTest,testLoadPortfolioData
java_class_path (initial): C:\Program Files\JetBrains\IntelliJ IDEA Community Edition 2021.3.2\lib\idea_rt.jar;C:\Program Files\JetBrains\IntelliJ IDEA Community Edition 2021.3.2\plugins\junit\lib\junit5-rt.jar;C:\Program Files\JetBrains\IntelliJ IDEA Community Edition 2021.3.2\plugins\junit\lib\junit-rt.jar;D:\PDP_assignments\hw4\out\test\Assignment4;D:\PDP_assignments\hw4\out\production\Assignment4;D:\PDP_assignments\hw4\lib\javax.annotation.jar;D:\PDP_assignments\hw4\lib\javax.jms.jar;D:\PDP_assignments\hw4\lib\javax.ejb.jar;D:\PDP_assignments\hw4\lib\javax.persistence.jar;D:\PDP_assignments\hw4\lib\javax.transaction.jar;D:\PDP_assignments\hw4\lib\javax.servlet.jar;D:\PDP_assignments\hw4\lib\javax.servlet.jsp.jar;D:\PDP_assignments\hw4\lib\javax.resource.jar;D:\PDP_assignments\hw4\lib\javax.servlet.jsp.jstl.jar;C:\Users\ntnbh\.m2\repository\junit\junit\4.13.1\junit-4.13.1.jar;C:\Users\ntnbh\.m2\repository\org\hamcrest\hamcrest-core\1.3\hamcrest-core-1.3.jar
Launcher Type: SUN_STANDARD

[Global flags]
     intx CICompilerCount                          = 4                                         {product} {ergonomic}
     uint ConcGCThreads                            = 2                                         {product} {ergonomic}
     uint G1ConcRefinementThreads                  = 8                                         {product} {ergonomic}
   size_t G1HeapRegionSize                         = 1048576                                   {product} {ergonomic}
    uintx GCDrainStackTargetSize                   = 64                                        {product} {ergonomic}
   size_t InitialHeapSize                          = 266338304                                 {product} {ergonomic}
   size_t MarkStackSize                            = 4194304                                   {product} {ergonomic}
   size_t MaxHeapSize                              = 4253024256                                {product} {ergonomic}
   size_t MinHeapDeltaBytes                        = 1048576                                   {product} {ergonomic}
    uintx NonNMethodCodeHeapSize                   = 5836300                                {pd product} {ergonomic}
    uintx NonProfiledCodeHeapSize                  = 122910970                              {pd product} {ergonomic}
    uintx ProfiledCodeHeapSize                     = 122910970                              {pd product} {ergonomic}
    uintx ReservedCodeCacheSize                    = 251658240                              {pd product} {ergonomic}
     bool SegmentedCodeCache                       = true                                      {product} {ergonomic}
     bool UseCompressedClassPointers               = true                                 {lp64_product} {ergonomic}
     bool UseCompressedOops                        = true                                 {lp64_product} {ergonomic}
     bool UseG1GC                                  = true                                      {product} {ergonomic}
     bool UseLargePagesIndividualAllocation        = false                                  {pd product} {ergonomic}

Logging:
Log output configuration:
 #0: stdout all=warning uptime,level,tags
 #1: stderr all=off uptime,level,tags

Environment Variables:
PATH=C:\Windows\system32;C:\Windows;C:\Windows\System32\Wbem;C:\Windows\System32\WindowsPowerShell\v1.0\;C:\Windows\System32\OpenSSH\;C:\Program Files (x86)\NVIDIA Corporation\PhysX\Common;C:\Program Files\NVIDIA Corporation\NVIDIA NvDLISR;C:\Program Files\nodejs\;C:\Program Files\Git\cmd;C:\WINDOWS\system32;C:\WINDOWS;C:\WINDOWS\System32\Wbem;C:\WINDOWS\System32\WindowsPowerShell\v1.0\;C:\WINDOWS\System32\OpenSSH\;C:\Users\ntnbh\AppData\Local\Microsoft\WindowsApps;;C:\Users\ntnbh\AppData\Local\Programs\Microsoft VS Code\bin;C:\Users\ntnbh\AppData\Roaming\npm;C:\Program Files\JetBrains\IntelliJ IDEA Community Edition 2021.3.2\bin;
USERNAME=ntnbh
OS=Windows_NT
PROCESSOR_IDENTIFIER=Intel64 Family 6 Model 165 Stepping 2, GenuineIntel
TMP=C:\Users\ntnbh\AppData\Local\Temp
TEMP=C:\Users\ntnbh\AppData\Local\Temp



---------------  S Y S T E M  ---------------

OS: Windows 11 , 64 bit Build 22000 (10.0.22000.708)
OS uptime: 17 days 3:11 hours

CPU:total 8 (initial active 8) (4 cores per cpu, 2 threads per core) family 6 model 165 stepping 2 microcode 0xe0, cmov, cx8, fxsr, mmx, sse, sse2, sse3, ssse3, sse4.1, sse4.2, popcnt, avx, avx2, aes, clmul, erms, 3dnowpref, lzcnt, ht, tsc, tscinvbit, bmi1, bmi2, adx, fma

Memory: 4k page, system-wide physical 16221M (2031M free)
TotalPageFile size 28518M (AvailPageFile size 135M)
current process WorkingSet (physical memory assigned to process): 10M, peak: 10M
current process commit charge ("private bytes"): 60M, peak: 314M

vm_info: OpenJDK 64-Bit Server VM (11.0.16.1+9-LTS) for windows-amd64 JRE (11.0.16.1+9-LTS), built on Aug 12 2022 20:01:58 by "Administrator" with MS VC++ 15.9 (VS2017)

END.
